<?xml version="1.0" encoding="UTF-8"?>
<testng-results ignored="0" total="0" passed="0" failed="0" skipped="0">
  <reporter-output>
  </reporter-output>
  <suite started-at="2022-11-30T18:37:51 IST" name="Pulsar Tests Suite" finished-at="2022-11-30T18:37:51 IST" duration-ms="8">
    <groups>
    </groups>
    <test started-at="2022-11-30T18:37:51 IST" name="Pulsar Test" finished-at="2022-11-30T18:37:51 IST" duration-ms="8">
    </test> <!-- Pulsar Test -->
  </suite> <!-- Pulsar Tests Suite -->
</testng-results>
